0 info it worked if it ends with ok
1 verbose cli [ '/home/alexlag/.nvm/versions/node/v0.12.0/bin/node',
1 verbose cli   '/home/alexlag/.nvm/versions/node/v0.12.0/bin/npm',
1 verbose cli   'install' ]
2 info using npm@2.5.1
3 info using node@v0.12.0
4 error install Couldn't read dependencies
5 verbose stack Error: ENOENT, open '/home/alexlag/projects/vmemperor/package.json'
5 verbose stack     at Error (native)
6 verbose cwd /home/alexlag/projects/vmemperor
7 error Linux 3.13.0-49-generic
8 error argv "/home/alexlag/.nvm/versions/node/v0.12.0/bin/node" "/home/alexlag/.nvm/versions/node/v0.12.0/bin/npm" "install"
9 error node v0.12.0
10 error npm  v2.5.1
11 error path /home/alexlag/projects/vmemperor/package.json
12 error code ENOPACKAGEJSON
13 error errno -2
14 error package.json ENOENT, open '/home/alexlag/projects/vmemperor/package.json'
14 error package.json This is most likely not a problem with npm itself.
14 error package.json npm can't find a package.json file in your current directory.
15 verbose exit [ -2, true ]
